0 info it worked if it ends with ok
1 verbose cli [ '/usr/bin/node',
1 verbose cli   '/usr/bin/npm',
1 verbose cli   'install',
1 verbose cli   'hexo-deployer-git',
1 verbose cli   '–save' ]
2 info using npm@3.5.2
3 info using node@v8.10.0
4 silly loadCurrentTree Starting
5 silly install loadCurrentTree
6 silly install readLocalPackageData
7 silly fetchPackageMetaData hexo-deployer-git@^0.3.1
8 silly fetchPackageMetaData –save
9 silly fetchNamedPackageData hexo-deployer-git
10 silly mapToRegistry name hexo-deployer-git
11 silly mapToRegistry using default registry
12 silly mapToRegistry registry https://registry.npmjs.org/
13 silly mapToRegistry uri https://registry.npmjs.org/hexo-deployer-git
14 silly fetchOtherPackageData –save
15 silly cache add args [ '–save', null ]
16 verbose cache add spec –save
17 silly cache add parsed spec Result {
17 silly cache add   raw: '–save',
17 silly cache add   scope: null,
17 silly cache add   name: null,
17 silly cache add   rawSpec: '–save',
17 silly cache add   spec: '/home/xlab/code/github/myblog/–save',
17 silly cache add   type: 'local' }
18 error addLocal Could not install /home/xlab/code/github/myblog/–save
19 silly fetchPackageMetaData Error: ENOENT: no such file or directory, open '/home/xlab/code/github/myblog/–save'
19 silly fetchPackageMetaData  error for –save { Error: ENOENT: no such file or directory, open '/home/xlab/code/github/myblog/–save'
19 silly fetchPackageMetaData   errno: -2,
19 silly fetchPackageMetaData   code: 'ENOENT',
19 silly fetchPackageMetaData   syscall: 'open',
19 silly fetchPackageMetaData   path: '/home/xlab/code/github/myblog/–save' }
20 verbose request uri https://registry.npmjs.org/hexo-deployer-git
21 verbose request no auth needed
22 info attempt registry request try #1 at 3:56:11 PM
23 verbose request id 23a59756b2964630
24 verbose etag W/"44a1326c844156db3cfae5847ff9022f"
25 verbose lastModified Wed, 09 Jan 2019 01:30:35 GMT
26 http request GET https://registry.npmjs.org/hexo-deployer-git
27 verbose stack TypeError: The header content contains invalid characters
27 verbose stack     at validateHeader (_http_outgoing.js:494:11)
27 verbose stack     at ClientRequest.setHeader (_http_outgoing.js:498:3)
27 verbose stack     at new ClientRequest (_http_client.js:173:14)
27 verbose stack     at Object.request (http.js:38:10)
27 verbose stack     at Object.request (https.js:239:15)
27 verbose stack     at Request.start (/usr/share/npm/node_modules/request/request.js:793:30)
27 verbose stack     at Request.end (/usr/share/npm/node_modules/request/request.js:1400:10)
27 verbose stack     at end (/usr/share/npm/node_modules/request/request.js:564:14)
27 verbose stack     at Immediate._onImmediate (/usr/share/npm/node_modules/request/request.js:578:7)
27 verbose stack     at runCallback (timers.js:794:20)
28 verbose cwd /home/xlab/code/github/myblog
29 error Linux 4.15.0-48-generic
30 error argv "/usr/bin/node" "/usr/bin/npm" "install" "hexo-deployer-git" "–save"
31 error node v8.10.0
32 error npm  v3.5.2
33 error The header content contains invalid characters
34 error If you need help, you may report this error at:
34 error     <https://github.com/npm/npm/issues>
35 verbose exit [ 1, true ]
